"2020-08-21 21:36:53===start get coordinate!!
"2020-08-21 21:36:59===x_min:139,x_max:1732
"2020-08-21 21:36:59===get coordinate done ^_^
"2020-08-21 21:36:59===****************box****************[[163. 588.]
 [139. 588.]
 [139. 493.]
 [163. 493.]]
"2020-08-21 21:36:59===position is 139,last_position is 139
"2020-08-21 21:36:59===****************box****************[[190. 588.]
 [166. 588.]
 [166. 493.]
 [190. 493.]]
"2020-08-21 21:36:59===position is 166,last_position is 139
"2020-08-21 21:36:59===****************box****************[[217. 588.]
 [193. 588.]
 [193. 493.]
 [217. 493.]]
"2020-08-21 21:36:59===position is 193,last_position is 166
"2020-08-21 21:36:59===****************box****************[[244. 588.]
 [220. 588.]
 [220. 493.]
 [244. 493.]]
"2020-08-21 21:36:59===position is 220,last_position is 193
"2020-08-21 21:37:00===****************box****************[[271. 588.]
 [247. 588.]
 [247. 493.]
 [271. 493.]]
"2020-08-21 21:37:00===position is 247,last_position is 220
"2020-08-21 21:37:00===****************box****************[[298. 588.]
 [274. 588.]
 [274. 493.]
 [298. 493.]]
"2020-08-21 21:37:00===position is 274,last_position is 247
"2020-08-21 21:37:00===****************box****************[[325. 588.]
 [301. 588.]
 [301. 493.]
 [325. 493.]]
"2020-08-21 21:37:00===position is 301,last_position is 274
"2020-08-21 21:37:00===****************box****************[[327.99997 588.     ]
 [327.99997 493.     ]
 [351.99997 493.     ]
 [351.99997 588.     ]]
"2020-08-21 21:37:00===position is 327,last_position is 301
"2020-08-21 21:37:00===****************box****************[[379. 588.]
 [355. 588.]
 [355. 493.]
 [379. 493.]]
"2020-08-21 21:37:00===position is 355,last_position is 327
"2020-08-21 21:37:00===****************box****************[[406. 588.]
 [382. 588.]
 [382. 493.]
 [406. 493.]]
"2020-08-21 21:37:00===position is 382,last_position is 355
"2020-08-21 21:37:00===****************box****************[[433. 588.]
 [409. 588.]
 [409. 493.]
 [433. 493.]]
"2020-08-21 21:37:00===position is 409,last_position is 382
"2020-08-21 21:37:00===****************box****************[[460. 588.]
 [436. 588.]
 [436. 493.]
 [460. 493.]]
"2020-08-21 21:37:00===position is 436,last_position is 409
"2020-08-21 21:37:00===****************box****************[[487. 588.]
 [463. 588.]
 [463. 493.]
 [487. 493.]]
"2020-08-21 21:37:00===position is 463,last_position is 436
"2020-08-21 21:37:00===****************box****************[[514. 588.]
 [490. 588.]
 [490. 493.]
 [514. 493.]]
"2020-08-21 21:37:00===position is 490,last_position is 463
"2020-08-21 21:37:00===****************box****************[[541. 588.]
 [517. 588.]
 [517. 493.]
 [541. 493.]]
"2020-08-21 21:37:00===position is 517,last_position is 490
"2020-08-21 21:37:00===****************box****************[[568. 588.]
 [544. 588.]
 [544. 493.]
 [568. 493.]]
"2020-08-21 21:37:00===position is 544,last_position is 517
"2020-08-21 21:37:00===****************box****************[[595. 588.]
 [571. 588.]
 [571. 493.]
 [595. 493.]]
"2020-08-21 21:37:00===position is 571,last_position is 544
"2020-08-21 21:37:00===****************box****************[[622. 588.]
 [598. 588.]
 [598. 493.]
 [622. 493.]]
"2020-08-21 21:37:00===position is 598,last_position is 571
"2020-08-21 21:37:00===****************box****************[[649. 588.]
 [625. 588.]
 [625. 493.]
 [649. 493.]]
"2020-08-21 21:37:00===position is 625,last_position is 598
"2020-08-21 21:37:00===****************box****************[[676. 588.]
 [652. 588.]
 [652. 493.]
 [676. 493.]]
"2020-08-21 21:37:00===position is 652,last_position is 625
"2020-08-21 21:37:00===****************box****************[[703. 588.]
 [679. 588.]
 [679. 493.]
 [703. 493.]]
"2020-08-21 21:37:00===position is 679,last_position is 652
"2020-08-21 21:37:00===****************box****************[[730. 588.]
 [706. 588.]
 [706. 493.]
 [730. 493.]]
"2020-08-21 21:37:00===position is 706,last_position is 679
"2020-08-21 21:37:00===****************box****************[[732.99994 588.     ]
 [732.99994 493.     ]
 [756.99994 493.     ]
 [756.99994 588.     ]]
"2020-08-21 21:37:00===position is 732,last_position is 706
"2020-08-21 21:37:00===****************box****************[[784. 588.]
 [760. 588.]
 [760. 493.]
 [784. 493.]]
"2020-08-21 21:37:00===position is 760,last_position is 732
"2020-08-21 21:37:01===****************box****************[[811. 588.]
 [787. 588.]
 [787. 493.]
 [811. 493.]]
"2020-08-21 21:37:01===position is 787,last_position is 760
"2020-08-21 21:37:01===****************box****************[[814. 588.]
 [814. 493.]
 [838. 493.]
 [838. 588.]]
"2020-08-21 21:37:01===position is 814,last_position is 787
"2020-08-21 21:37:01===****************box****************[[865. 588.]
 [841. 588.]
 [841. 493.]
 [865. 493.]]
"2020-08-21 21:37:01===position is 841,last_position is 814
"2020-08-21 21:37:01===****************box****************[[892. 588.]
 [868. 588.]
 [868. 493.]
 [892. 493.]]
"2020-08-21 21:37:01===position is 868,last_position is 841
"2020-08-21 21:37:01===****************box****************[[919. 588.]
 [895. 588.]
 [895. 493.]
 [919. 493.]]
"2020-08-21 21:37:01===position is 895,last_position is 868
"2020-08-21 21:37:01===****************box****************[[946. 588.]
 [922. 588.]
 [922. 493.]
 [946. 493.]]
"2020-08-21 21:37:01===position is 922,last_position is 895
"2020-08-21 21:37:01===****************box****************[[973. 588.]
 [949. 588.]
 [949. 493.]
 [973. 493.]]
"2020-08-21 21:37:01===position is 949,last_position is 922
"2020-08-21 21:37:01===****************box****************[[1000.  588.]
 [ 976.  588.]
 [ 976.  493.]
 [1000.  493.]]
"2020-08-21 21:37:01===position is 976,last_position is 949
"2020-08-21 21:37:01===****************box****************[[1027.  588.]
 [1003.  588.]
 [1003.  493.]
 [1027.  493.]]
"2020-08-21 21:37:01===position is 1003,last_position is 976
"2020-08-21 21:37:01===****************box****************[[1054.  588.]
 [1030.  588.]
 [1030.  493.]
 [1054.  493.]]
"2020-08-21 21:37:01===position is 1030,last_position is 1003
"2020-08-21 21:37:01===****************box****************[[1081.  588.]
 [1057.  588.]
 [1057.  493.]
 [1081.  493.]]
"2020-08-21 21:37:01===position is 1057,last_position is 1030
"2020-08-21 21:37:01===****************box****************[[1108.  588.]
 [1084.  588.]
 [1084.  493.]
 [1108.  493.]]
"2020-08-21 21:37:01===position is 1084,last_position is 1057
"2020-08-21 21:37:01===****************box****************[[1135.  588.]
 [1111.  588.]
 [1111.  493.]
 [1135.  493.]]
"2020-08-21 21:37:01===position is 1111,last_position is 1084
"2020-08-21 21:37:01===****************box****************[[1162.  588.]
 [1138.  588.]
 [1138.  493.]
 [1162.  493.]]
"2020-08-21 21:37:01===position is 1138,last_position is 1111
"2020-08-21 21:37:01===****************box****************[[1164.9999  588.    ]
 [1164.9999  493.    ]
 [1188.9999  493.    ]
 [1188.9999  588.    ]]
"2020-08-21 21:37:01===position is 1164,last_position is 1138
"2020-08-21 21:37:01===****************box****************[[1216.  588.]
 [1192.  588.]
 [1192.  493.]
 [1216.  493.]]
"2020-08-21 21:37:01===position is 1192,last_position is 1164
"2020-08-21 21:37:01===****************box****************[[1243.  588.]
 [1219.  588.]
 [1219.  493.]
 [1243.  493.]]
"2020-08-21 21:37:01===position is 1219,last_position is 1192
"2020-08-21 21:37:01===****************box****************[[1270.  588.]
 [1246.  588.]
 [1246.  493.]
 [1270.  493.]]
"2020-08-21 21:37:01===position is 1246,last_position is 1219
"2020-08-21 21:37:01===****************box****************[[1297.  588.]
 [1273.  588.]
 [1273.  493.]
 [1297.  493.]]
"2020-08-21 21:37:01===position is 1273,last_position is 1246
"2020-08-21 21:37:01===****************box****************[[1324.  588.]
 [1300.  588.]
 [1300.  493.]
 [1324.  493.]]
"2020-08-21 21:37:01===position is 1300,last_position is 1273
"2020-08-21 21:37:01===****************box****************[[1351.  588.]
 [1327.  588.]
 [1327.  493.]
 [1351.  493.]]
"2020-08-21 21:37:01===position is 1327,last_position is 1300
"2020-08-21 21:37:02===****************box****************[[1378.  588.]
 [1354.  588.]
 [1354.  493.]
 [1378.  493.]]
"2020-08-21 21:37:02===position is 1354,last_position is 1327
"2020-08-21 21:37:02===****************box****************[[1405.  588.]
 [1381.  588.]
 [1381.  493.]
 [1405.  493.]]
"2020-08-21 21:37:02===position is 1381,last_position is 1354
"2020-08-21 21:37:02===****************box****************[[1432.  588.]
 [1408.  588.]
 [1408.  493.]
 [1432.  493.]]
"2020-08-21 21:37:02===position is 1408,last_position is 1381
"2020-08-21 21:37:02===****************box****************[[1459.  588.]
 [1435.  588.]
 [1435.  493.]
 [1459.  493.]]
"2020-08-21 21:37:02===position is 1435,last_position is 1408
"2020-08-21 21:37:02===****************box****************[[1486.  588.]
 [1462.  588.]
 [1462.  493.]
 [1486.  493.]]
"2020-08-21 21:37:02===position is 1462,last_position is 1435
"2020-08-21 21:37:02===****************box****************[[1513.  588.]
 [1489.  588.]
 [1489.  493.]
 [1513.  493.]]
"2020-08-21 21:37:02===position is 1489,last_position is 1462
"2020-08-21 21:37:02===****************box****************[[1540.  588.]
 [1516.  588.]
 [1516.  493.]
 [1540.  493.]]
"2020-08-21 21:37:02===position is 1516,last_position is 1489
"2020-08-21 21:37:02===****************box****************[[1543.  588.]
 [1543.  493.]
 [1567.  493.]
 [1567.  588.]]
"2020-08-21 21:37:02===position is 1543,last_position is 1516
"2020-08-21 21:37:02===****************box****************[[1594.  588.]
 [1570.  588.]
 [1570.  493.]
 [1594.  493.]]
"2020-08-21 21:37:02===position is 1570,last_position is 1543
"2020-08-21 21:37:02===****************box****************[[1621.  588.]
 [1597.  588.]
 [1597.  493.]
 [1621.  493.]]
"2020-08-21 21:37:02===position is 1597,last_position is 1570
"2020-08-21 21:37:02===****************box****************[[1648.  588.]
 [1624.  588.]
 [1624.  493.]
 [1648.  493.]]
"2020-08-21 21:37:02===position is 1624,last_position is 1597
"2020-08-21 21:37:02===****************box****************[[1675.  588.]
 [1651.  588.]
 [1651.  493.]
 [1675.  493.]]
"2020-08-21 21:37:02===position is 1651,last_position is 1624
"2020-08-21 21:37:02===****************box****************[[1702.  588.]
 [1678.  588.]
 [1678.  493.]
 [1702.  493.]]
"2020-08-21 21:37:02===position is 1678,last_position is 1651
"2020-08-21 21:37:02===****************box****************[[1729.  588.]
 [1705.  588.]
 [1705.  493.]
 [1729.  493.]]
"2020-08-21 21:37:02===position is 1705,last_position is 1678
"2020-08-21 21:37:02===****************box****************[[1756.  588.]
 [1731.  588.]
 [1731.  493.]
 [1756.  493.]]
"2020-08-21 21:37:02===position is 1731,last_position is 1705
"2020-08-21 21:37:02===****************box****************[[162. 588.]
 [139. 588.]
 [139. 493.]
 [162. 493.]]
"2020-08-21 21:37:02===position is 139,last_position is 1731
"2020-08-21 21:37:02===****************box****************[[190. 588.]
 [166. 588.]
 [166. 493.]
 [190. 493.]]
"2020-08-21 21:37:02===position is 166,last_position is 139
"2020-08-21 21:37:02===****************box****************[[217. 588.]
 [193. 588.]
 [193. 493.]
 [217. 493.]]
"2020-08-21 21:37:02===position is 193,last_position is 166
"2020-08-21 21:37:02===****************box****************[[220. 588.]
 [220. 493.]
 [244. 493.]
 [244. 588.]]
"2020-08-21 21:37:02===position is 220,last_position is 193
"2020-08-21 21:37:02===****************box****************[[270. 588.]
 [247. 588.]
 [247. 493.]
 [270. 493.]]
"2020-08-21 21:37:02===position is 247,last_position is 220
"2020-08-21 21:37:03===****************box****************[[298. 588.]
 [274. 588.]
 [274. 493.]
 [298. 493.]]
"2020-08-21 21:37:03===position is 274,last_position is 247
"2020-08-21 21:37:03===****************box****************[[325. 588.]
 [301. 588.]
 [301. 493.]
 [325. 493.]]
"2020-08-21 21:37:03===position is 301,last_position is 274
"2020-08-21 21:37:03===****************box****************[[352. 588.]
 [328. 588.]
 [328. 493.]
 [352. 493.]]
"2020-08-21 21:37:03===position is 328,last_position is 301
"2020-08-21 21:37:03===****************box****************[[379. 588.]
 [355. 588.]
 [355. 493.]
 [379. 493.]]
"2020-08-21 21:37:03===position is 355,last_position is 328
"2020-08-21 21:37:03===****************box****************[[406. 588.]
 [382. 588.]
 [382. 493.]
 [406. 493.]]
"2020-08-21 21:37:03===position is 382,last_position is 355
"2020-08-21 21:37:03===****************box****************[[433. 588.]
 [409. 588.]
 [409. 493.]
 [433. 493.]]
"2020-08-21 21:37:03===position is 409,last_position is 382
"2020-08-21 21:37:03===****************box****************[[460. 588.]
 [436. 588.]
 [436. 493.]
 [460. 493.]]
"2020-08-21 21:37:03===position is 436,last_position is 409
"2020-08-21 21:37:03===****************box****************[[487. 588.]
 [463. 588.]
 [463. 493.]
 [487. 493.]]
"2020-08-21 21:37:03===position is 463,last_position is 436
"2020-08-21 21:37:03===****************box****************[[514. 588.]
 [490. 588.]
 [490. 493.]
 [514. 493.]]
"2020-08-21 21:37:03===position is 490,last_position is 463
"2020-08-21 21:37:03===****************box****************[[541. 588.]
 [517. 588.]
 [517. 493.]
 [541. 493.]]
"2020-08-21 21:37:03===position is 517,last_position is 490
"2020-08-21 21:37:03===****************box****************[[568. 588.]
 [544. 588.]
 [544. 493.]
 [568. 493.]]
"2020-08-21 21:37:03===position is 544,last_position is 517
"2020-08-21 21:37:03===****************box****************[[595. 588.]
 [571. 588.]
 [571. 493.]
 [595. 493.]]
"2020-08-21 21:37:03===position is 571,last_position is 544
"2020-08-21 21:37:03===****************box****************[[622. 588.]
 [598. 588.]
 [598. 493.]
 [622. 493.]]
"2020-08-21 21:37:03===position is 598,last_position is 571
"2020-08-21 21:37:03===****************box****************[[649. 588.]
 [625. 588.]
 [625. 493.]
 [649. 493.]]
"2020-08-21 21:37:03===position is 625,last_position is 598
"2020-08-21 21:37:03===****************box****************[[676. 588.]
 [652. 588.]
 [652. 493.]
 [676. 493.]]
"2020-08-21 21:37:03===position is 652,last_position is 625
"2020-08-21 21:37:03===****************box****************[[703. 588.]
 [679. 588.]
 [679. 493.]
 [703. 493.]]
"2020-08-21 21:37:03===position is 679,last_position is 652
"2020-08-21 21:37:03===****************box****************[[730. 588.]
 [706. 588.]
 [706. 493.]
 [730. 493.]]
"2020-08-21 21:37:03===position is 706,last_position is 679
"2020-08-21 21:37:03===****************box****************[[757. 588.]
 [733. 588.]
 [733. 493.]
 [757. 493.]]
"2020-08-21 21:37:03===position is 733,last_position is 706
"2020-08-21 21:37:03===****************box****************[[784. 588.]
 [760. 588.]
 [760. 493.]
 [784. 493.]]
"2020-08-21 21:37:03===position is 760,last_position is 733
"2020-08-21 21:37:03===****************box****************[[811. 588.]
 [787. 588.]
 [787. 493.]
 [811. 493.]]
"2020-08-21 21:37:03===position is 787,last_position is 760
"2020-08-21 21:37:04===****************box****************[[838. 588.]
 [814. 588.]
 [814. 493.]
 [838. 493.]]
"2020-08-21 21:37:04===position is 814,last_position is 787
"2020-08-21 21:37:04===****************box****************[[865. 588.]
 [841. 588.]
 [841. 493.]
 [865. 493.]]
"2020-08-21 21:37:04===position is 841,last_position is 814
"2020-08-21 21:37:04===****************box****************[[892. 588.]
 [868. 588.]
 [868. 493.]
 [892. 493.]]
"2020-08-21 21:37:04===position is 868,last_position is 841
"2020-08-21 21:37:04===****************box****************[[918. 588.]
 [895. 588.]
 [895. 493.]
 [918. 493.]]
"2020-08-21 21:37:04===position is 895,last_position is 868
"2020-08-21 21:37:04===****************box****************[[946. 588.]
 [922. 588.]
 [922. 493.]
 [946. 493.]]
"2020-08-21 21:37:04===position is 922,last_position is 895
"2020-08-21 21:37:04===****************box****************[[973. 588.]
 [949. 588.]
 [949. 493.]
 [973. 493.]]
"2020-08-21 21:37:04===position is 949,last_position is 922
"2020-08-21 21:37:04===****************box****************[[1000.  588.]
 [ 976.  588.]
 [ 976.  493.]
 [1000.  493.]]
"2020-08-21 21:37:04===position is 976,last_position is 949
"2020-08-21 21:37:04===****************box****************[[1027.  588.]
 [1003.  588.]
 [1003.  493.]
 [1027.  493.]]
"2020-08-21 21:37:04===position is 1003,last_position is 976
"2020-08-21 21:37:04===****************box****************[[1054.  588.]
 [1030.  588.]
 [1030.  493.]
 [1054.  493.]]
"2020-08-21 21:37:04===position is 1030,last_position is 1003
"2020-08-21 21:37:04===****************box****************[[1081.  588.]
 [1057.  588.]
 [1057.  493.]
 [1081.  493.]]
"2020-08-21 21:37:04===position is 1057,last_position is 1030
"2020-08-21 21:37:04===****************box****************[[1108.  588.]
 [1084.  588.]
 [1084.  493.]
 [1108.  493.]]
"2020-08-21 21:37:04===position is 1084,last_position is 1057
"2020-08-21 21:37:04===****************box****************[[1134.  588.]
 [1111.  588.]
 [1111.  493.]
 [1134.  493.]]
"2020-08-21 21:37:04===position is 1111,last_position is 1084
"2020-08-21 21:37:04===****************box****************[[1162.  588.]
 [1138.  588.]
 [1138.  493.]
 [1162.  493.]]
"2020-08-21 21:37:04===position is 1138,last_position is 1111
"2020-08-21 21:37:04===****************box****************[[1189.  588.]
 [1165.  588.]
 [1165.  493.]
 [1189.  493.]]
"2020-08-21 21:37:04===position is 1165,last_position is 1138
"2020-08-21 21:37:04===****************box****************[[1216.  588.]
 [1192.  588.]
 [1192.  493.]
 [1216.  493.]]
"2020-08-21 21:37:04===position is 1192,last_position is 1165
"2020-08-21 21:37:04===****************box****************[[1243.  588.]
 [1219.  588.]
 [1219.  493.]
 [1243.  493.]]
"2020-08-21 21:37:04===position is 1219,last_position is 1192
"2020-08-21 21:37:04===****************box****************[[1270.  588.]
 [1246.  588.]
 [1246.  493.]
 [1270.  493.]]
"2020-08-21 21:37:04===position is 1246,last_position is 1219
"2020-08-21 21:37:04===****************box****************[[1297.  588.]
 [1273.  588.]
 [1273.  493.]
 [1297.  493.]]
"2020-08-21 21:37:04===position is 1273,last_position is 1246
"2020-08-21 21:37:04===****************box****************[[1324.  588.]
 [1300.  588.]
 [1300.  493.]
 [1324.  493.]]
"2020-08-21 21:37:04===position is 1300,last_position is 1273
"2020-08-21 21:37:04===****************box****************[[1351.  588.]
 [1327.  588.]
 [1327.  493.]
 [1351.  493.]]
"2020-08-21 21:37:04===position is 1327,last_position is 1300
"2020-08-21 21:37:04===****************box****************[[1378.  588.]
 [1354.  588.]
 [1354.  493.]
 [1378.  493.]]
"2020-08-21 21:37:04===position is 1354,last_position is 1327
"2020-08-21 21:37:05===****************box****************[[1405.  588.]
 [1381.  588.]
 [1381.  493.]
 [1405.  493.]]
"2020-08-21 21:37:05===position is 1381,last_position is 1354
"2020-08-21 21:37:05===****************box****************[[1432.  588.]
 [1408.  588.]
 [1408.  493.]
 [1432.  493.]]
"2020-08-21 21:37:05===position is 1408,last_position is 1381
"2020-08-21 21:37:05===****************box****************[[1459.  588.]
 [1435.  588.]
 [1435.  493.]
 [1459.  493.]]
"2020-08-21 21:37:05===position is 1435,last_position is 1408
"2020-08-21 21:37:05===****************box****************[[1486.  588.]
 [1462.  588.]
 [1462.  493.]
 [1486.  493.]]
"2020-08-21 21:37:05===position is 1462,last_position is 1435
"2020-08-21 21:37:05===****************box****************[[1513.  588.]
 [1489.  588.]
 [1489.  493.]
 [1513.  493.]]
"2020-08-21 21:37:05===position is 1489,last_position is 1462
"2020-08-21 21:37:05===****************box****************[[1540.  588.]
 [1516.  588.]
 [1516.  493.]
 [1540.  493.]]
"2020-08-21 21:37:05===position is 1516,last_position is 1489
"2020-08-21 21:37:05===****************box****************[[1566.  588.]
 [1543.  588.]
 [1543.  493.]
 [1566.  493.]]
"2020-08-21 21:37:05===position is 1543,last_position is 1516
"2020-08-21 21:37:05===****************box****************[[1594.  588.]
 [1570.  588.]
 [1570.  493.]
 [1594.  493.]]
"2020-08-21 21:37:05===position is 1570,last_position is 1543
"2020-08-21 21:37:05===****************box****************[[1621.  588.]
 [1597.  588.]
 [1597.  493.]
 [1621.  493.]]
"2020-08-21 21:37:05===position is 1597,last_position is 1570
"2020-08-21 21:37:05===****************box****************[[1648.  588.]
 [1624.  588.]
 [1624.  493.]
 [1648.  493.]]
"2020-08-21 21:37:05===position is 1624,last_position is 1597
"2020-08-21 21:37:05===****************box****************[[1675.  588.]
 [1651.  588.]
 [1651.  493.]
 [1675.  493.]]
"2020-08-21 21:37:05===position is 1651,last_position is 1624
"2020-08-21 21:37:05===****************box****************[[1702.  588.]
 [1678.  588.]
 [1678.  493.]
 [1702.  493.]]
"2020-08-21 21:37:05===position is 1678,last_position is 1651
"2020-08-21 21:37:05===****************box****************[[1705.  588.]
 [1705.  493.]
 [1729.  493.]
 [1729.  588.]]
"2020-08-21 21:37:05===position is 1705,last_position is 1678
"2020-08-21 21:37:05===****************box****************[[1755.  588.]
 [1732.  588.]
 [1732.  493.]
 [1755.  493.]]
"2020-08-21 21:37:05===position is 1732,last_position is 1705
"2020-08-21 21:37:05===****************box****************[[162. 588.]
 [139. 588.]
 [139. 493.]
 [162. 493.]]
"2020-08-21 21:37:05===position is 139,last_position is 1732
"2020-08-21 21:37:05===****************box****************[[190. 588.]
 [166. 588.]
 [166. 493.]
 [190. 493.]]
"2020-08-21 21:37:05===position is 166,last_position is 139
"2020-08-21 21:37:05===****************box****************[[217. 588.]
 [193. 588.]
 [193. 493.]
 [217. 493.]]
"2020-08-21 21:37:05===position is 193,last_position is 166
"2020-08-21 21:37:05===****************box****************[[244. 588.]
 [220. 588.]
 [220. 493.]
 [244. 493.]]
"2020-08-21 21:37:05===position is 220,last_position is 193
"2020-08-21 21:37:05===****************box****************[[270. 588.]
 [247. 588.]
 [247. 493.]
 [270. 493.]]
"2020-08-21 21:37:05===position is 247,last_position is 220
"2020-08-21 21:37:05===****************box****************[[298. 588.]
 [274. 588.]
 [274. 493.]
 [298. 493.]]
"2020-08-21 21:37:05===position is 274,last_position is 247
"2020-08-21 21:37:06===****************box****************[[325. 588.]
 [301. 588.]
 [301. 493.]
 [325. 493.]]
"2020-08-21 21:37:06===position is 301,last_position is 274
"2020-08-21 21:37:06===****************box****************[[352. 588.]
 [328. 588.]
 [328. 493.]
 [352. 493.]]
"2020-08-21 21:37:06===position is 328,last_position is 301
"2020-08-21 21:37:06===****************box****************[[379. 588.]
 [355. 588.]
 [355. 493.]
 [379. 493.]]
"2020-08-21 21:37:06===position is 355,last_position is 328
"2020-08-21 21:37:06===****************box****************[[406. 588.]
 [382. 588.]
 [382. 493.]
 [406. 493.]]
"2020-08-21 21:37:06===position is 382,last_position is 355
"2020-08-21 21:37:06===****************box****************[[433. 588.]
 [409. 588.]
 [409. 493.]
 [433. 493.]]
"2020-08-21 21:37:06===position is 409,last_position is 382
"2020-08-21 21:37:06===****************box****************[[460. 588.]
 [436. 588.]
 [436. 493.]
 [460. 493.]]
"2020-08-21 21:37:06===position is 436,last_position is 409
"2020-08-21 21:37:06===****************box****************[[487. 588.]
 [463. 588.]
 [463. 493.]
 [487. 493.]]
"2020-08-21 21:37:06===position is 463,last_position is 436
"2020-08-21 21:37:06===****************box****************[[514. 588.]
 [490. 588.]
 [490. 493.]
 [514. 493.]]
"2020-08-21 21:37:06===position is 490,last_position is 463
"2020-08-21 21:37:06===****************box****************[[541. 588.]
 [517. 588.]
 [517. 493.]
 [541. 493.]]
"2020-08-21 21:37:06===position is 517,last_position is 490
"2020-08-21 21:37:06===****************box****************[[568. 588.]
 [544. 588.]
 [544. 493.]
 [568. 493.]]
"2020-08-21 21:37:06===position is 544,last_position is 517
"2020-08-21 21:37:06===****************box****************[[595. 588.]
 [571. 588.]
 [571. 493.]
 [595. 493.]]
"2020-08-21 21:37:06===position is 571,last_position is 544
"2020-08-21 21:37:06===****************box****************[[622. 588.]
 [598. 588.]
 [598. 493.]
 [622. 493.]]
"2020-08-21 21:37:06===position is 598,last_position is 571
"2020-08-21 21:37:06===****************box****************[[649. 588.]
 [625. 588.]
 [625. 493.]
 [649. 493.]]
"2020-08-21 21:37:06===position is 625,last_position is 598
"2020-08-21 21:37:06===****************box****************[[676. 588.]
 [652. 588.]
 [652. 493.]
 [676. 493.]]
"2020-08-21 21:37:06===position is 652,last_position is 625
"2020-08-21 21:37:06===****************box****************[[703. 588.]
 [679. 588.]
 [679. 493.]
 [703. 493.]]
"2020-08-21 21:37:06===position is 679,last_position is 652
"2020-08-21 21:37:06===****************box****************[[730. 588.]
 [706. 588.]
 [706. 493.]
 [730. 493.]]
"2020-08-21 21:37:06===position is 706,last_position is 679
"2020-08-21 21:37:06===****************box****************[[757. 588.]
 [733. 588.]
 [733. 493.]
 [757. 493.]]
"2020-08-21 21:37:06===position is 733,last_position is 706
"2020-08-21 21:37:06===****************box****************[[784. 588.]
 [759. 588.]
 [759. 493.]
 [784. 493.]]
"2020-08-21 21:37:06===position is 759,last_position is 733
"2020-08-21 21:37:06===****************box****************[[811. 588.]
 [787. 588.]
 [787. 493.]
 [811. 493.]]
"2020-08-21 21:37:06===position is 787,last_position is 759
"2020-08-21 21:37:06===****************box****************[[838. 588.]
 [814. 588.]
 [814. 493.]
 [838. 493.]]
"2020-08-21 21:37:06===position is 814,last_position is 787
"2020-08-21 21:37:06===****************box****************[[865. 588.]
 [841. 588.]
 [841. 493.]
 [865. 493.]]
"2020-08-21 21:37:06===position is 841,last_position is 814
"2020-08-21 21:37:07===****************box****************[[892. 588.]
 [868. 588.]
 [868. 493.]
 [892. 493.]]
"2020-08-21 21:37:07===position is 868,last_position is 841
"2020-08-21 21:37:07===****************box****************[[918. 588.]
 [895. 588.]
 [895. 493.]
 [918. 493.]]
"2020-08-21 21:37:07===position is 895,last_position is 868
"2020-08-21 21:37:07===****************box****************[[946. 588.]
 [922. 588.]
 [922. 493.]
 [946. 493.]]
"2020-08-21 21:37:07===position is 922,last_position is 895
"2020-08-21 21:37:07===****************box****************[[973. 588.]
 [949. 588.]
 [949. 493.]
 [973. 493.]]
"2020-08-21 21:37:07===position is 949,last_position is 922
"2020-08-21 21:37:07===****************box****************[[1000.  588.]
 [ 976.  588.]
 [ 976.  493.]
 [1000.  493.]]
"2020-08-21 21:37:07===position is 976,last_position is 949
"2020-08-21 21:37:07===****************box****************[[1027.  588.]
 [1003.  588.]
 [1003.  493.]
 [1027.  493.]]
"2020-08-21 21:37:07===position is 1003,last_position is 976
"2020-08-21 21:37:07===****************box****************[[1054.  588.]
 [1030.  588.]
 [1030.  493.]
 [1054.  493.]]
"2020-08-21 21:37:07===position is 1030,last_position is 1003
"2020-08-21 21:37:07===****************box****************[[1081.  588.]
 [1057.  588.]
 [1057.  493.]
 [1081.  493.]]
"2020-08-21 21:37:07===position is 1057,last_position is 1030
"2020-08-21 21:37:07===****************box****************[[1108.  588.]
 [1084.  588.]
 [1084.  493.]
 [1108.  493.]]
"2020-08-21 21:37:07===position is 1084,last_position is 1057
"2020-08-21 21:37:07===****************box****************[[1135.  588.]
 [1111.  588.]
 [1111.  493.]
 [1135.  493.]]
"2020-08-21 21:37:07===position is 1111,last_position is 1084
"2020-08-21 21:37:07===****************box****************[[1162.  588.]
 [1138.  588.]
 [1138.  493.]
 [1162.  493.]]
"2020-08-21 21:37:07===position is 1138,last_position is 1111
"2020-08-21 21:37:07===****************box****************[[1189.  588.]
 [1165.  588.]
 [1165.  493.]
 [1189.  493.]]
"2020-08-21 21:37:07===position is 1165,last_position is 1138
"2020-08-21 21:37:07===****************box****************[[1216.  588.]
 [1192.  588.]
 [1192.  493.]
 [1216.  493.]]
"2020-08-21 21:37:07===position is 1192,last_position is 1165
"2020-08-21 21:37:07===****************box****************[[1243.  588.]
 [1219.  588.]
 [1219.  493.]
 [1243.  493.]]
"2020-08-21 21:37:07===position is 1219,last_position is 1192
"2020-08-21 21:37:07===****************box****************[[1270.  588.]
 [1246.  588.]
 [1246.  493.]
 [1270.  493.]]
"2020-08-21 21:37:07===position is 1246,last_position is 1219
"2020-08-21 21:37:07===****************box****************[[1297.  588.]
 [1273.  588.]
 [1273.  493.]
 [1297.  493.]]
"2020-08-21 21:37:07===position is 1273,last_position is 1246
"2020-08-21 21:37:07===****************box****************[[1324.  588.]
 [1300.  588.]
 [1300.  493.]
 [1324.  493.]]
"2020-08-21 21:37:07===position is 1300,last_position is 1273
"2020-08-21 21:37:07===****************box****************[[1351.  588.]
 [1327.  588.]
 [1327.  493.]
 [1351.  493.]]
"2020-08-21 21:37:07===position is 1327,last_position is 1300
"2020-08-21 21:37:07===****************box****************[[1378.  588.]
 [1354.  588.]
 [1354.  493.]
 [1378.  493.]]
"2020-08-21 21:37:07===position is 1354,last_position is 1327
"2020-08-21 21:37:07===****************box****************[[1405.  588.]
 [1381.  588.]
 [1381.  493.]
 [1405.  493.]]
"2020-08-21 21:37:07===position is 1381,last_position is 1354
"2020-08-21 21:37:08===****************box****************[[1432.  588.]
 [1408.  588.]
 [1408.  493.]
 [1432.  493.]]
"2020-08-21 21:37:08===position is 1408,last_position is 1381
"2020-08-21 21:37:08===****************box****************[[1459.  588.]
 [1435.  588.]
 [1435.  493.]
 [1459.  493.]]
"2020-08-21 21:37:08===position is 1435,last_position is 1408
"2020-08-21 21:37:08===****************box****************[[1486.  588.]
 [1462.  588.]
 [1462.  493.]
 [1486.  493.]]
"2020-08-21 21:37:08===position is 1462,last_position is 1435
"2020-08-21 21:37:08===****************box****************[[1513.  588.]
 [1489.  588.]
 [1489.  493.]
 [1513.  493.]]
"2020-08-21 21:37:08===position is 1489,last_position is 1462
"2020-08-21 21:37:08===****************box****************[[1540.  588.]
 [1516.  588.]
 [1516.  493.]
 [1540.  493.]]
"2020-08-21 21:37:08===position is 1516,last_position is 1489
"2020-08-21 21:37:08===****************box****************[[1567.  588.]
 [1543.  588.]
 [1543.  493.]
 [1567.  493.]]
"2020-08-21 21:37:08===position is 1543,last_position is 1516
"2020-08-21 21:37:08===****************box****************[[1594.  588.]
 [1570.  588.]
 [1570.  493.]
 [1594.  493.]]
"2020-08-21 21:37:08===position is 1570,last_position is 1543
"2020-08-21 21:37:08===****************box****************[[1621.  588.]
 [1597.  588.]
 [1597.  493.]
 [1621.  493.]]
"2020-08-21 21:37:08===position is 1597,last_position is 1570
"2020-08-21 21:37:08===****************box****************[[1648.  588.]
 [1624.  588.]
 [1624.  493.]
 [1648.  493.]]
"2020-08-21 21:37:08===position is 1624,last_position is 1597
"2020-08-21 21:37:08===****************box****************[[1675.  588.]
 [1651.  588.]
 [1651.  493.]
 [1675.  493.]]
"2020-08-21 21:37:08===position is 1651,last_position is 1624
"2020-08-21 21:37:08===final result ---------frame_count:177,lose_frames:0
"2020-08-21 21:37:08===detection done ^_^
